> Task :app:checkKotlinGradlePluginConfigurationErrors SKIPPED
> Task :app:preBuild UP-TO-DATE
> Task :app:preDebugBuild UP-TO-DATE
> Task :app:checkDebugAarMetadata UP-TO-DATE
> Task :app:processDebugNavigationResources UP-TO-DATE
> Task :app:compileDebugNavigationResources UP-TO-DATE
> Task :app:generateDebugResValues UP-TO-DATE
> Task :app:processDebugGoogleServices UP-TO-DATE
> Task :app:mapDebugSourceSetPaths UP-TO-DATE
> Task :app:generateDebugResources UP-TO-DATE
> Task :app:mergeDebugResources UP-TO-DATE
> Task :app:packageDebugResources UP-TO-DATE
> Task :app:parseDebugLocalResources UP-TO-DATE
> Task :app:createDebugCompatibleScreenManifests UP-TO-DATE
> Task :app:extractDeepLinksDebug UP-TO-DATE
> Task :app:processDebugMainManifest UP-TO-DATE
> Task :app:processDebugManifest UP-TO-DATE
> Task :app:processDebugManifestForPackage UP-TO-DATE
> Task :app:processDebugResources UP-TO-DATE

> Task :app:compileDebugKotlin FAILED
.\gradlew.bat : e: fi
le:///C:/Users/aslam/
OneDrive/Documents/Gi
tHub/blassa/Mobile/ap
p/src/main/java/isimm
/ing1/mobile/presenta
tion/screens/componen
ts/CheckoutScreen.kt:
12:46 Unresolved 
reference 
'CreditCard'.
Au caractère Ligne:1 
: 1
+ .\gradlew.bat 
compileDebugKotlin 
2>&1 | Out-File 
-FilePath "build4.tx 
...
+ ~~~~~~~~~~~~~~~~~~~
~~~~~~~~~~~~~~~~~~
    + CategoryInfo   
           : NotSpe  
  cified: (e: file   
 :///C:/U...e 'Cr    
editCard'.:Strin    
g) [], RemoteExc    
eption
    + FullyQualified 
   ErrorId : Native  
  CommandError
 
e: file:///C:/Users/a
slam/OneDrive/Documen
ts/GitHub/blassa/Mobi
le/app/src/main/java/
isimm/ing1/mobile/pre
sentation/screens/com
ponents/CompleteProfi
leScreen.kt:98:52 
Unresolved reference 
'outlinedTextFieldCol
ors'.
e: file:///C:/Users/a
slam/OneDrive/Documen
ts/GitHub/blassa/Mobi
le/app/src/main/java/
isimm/ing1/mobile/pre
sentation/screens/com
ponents/CompleteProfi
leScreen.kt:124:47 
Unresolved reference 
'outlinedTextFieldCol
ors'.
e: file:///C:/Users/a
slam/OneDrive/Documen
ts/GitHub/blassa/Mobi
le/app/src/main/java/
isimm/ing1/mobile/pre
sentation/screens/com
ponents/ReviewScreen.
kt:210:31 
@Composable 
invocations can only 
happen from the 
context of a 
@Composable function
e: file:///C:/Users/a
slam/OneDrive/Documen
ts/GitHub/blassa/Mobi
le/app/src/main/java/
isimm/ing1/mobile/pre
sentation/screens/com
ponents/ReviewScreen.
kt:216:30 Argument 
type mismatch: 
actual type is 'andro
idx.compose.material3
.ChipBorder', but 'an
droidx.compose.founda
tion.BorderStroke?' 
was expected.

FAILURE: Build 
failed with an 
exception.

* What went wrong:
Execution failed for 
task ':app:compileDeb
ugKotlin'.
> A failure occurred 
while executing org.j
etbrains.kotlin.compi
lerRunner.GradleCompi
lerRunnerWithWorkers$
GradleKotlinCompilerW
orkAction
   > Compilation 
error. See log for 
more details

* Try:
> Run with 
--stacktrace option 
to get the stack 
trace.
> Run with --info or 
--debug option to 
get more log output.
> Run with --scan to 
get full insights.
> Get more help at ht
tps://help.gradle.org
.

BUILD FAILED in 2s
17 actionable tasks: 1 executed, 16 up-to-date
