> Task :app:clean
> Task :app:checkKotlinGradlePluginConfigurationErrors SKIPPED
> Task :app:preBuild UP-TO-DATE
> Task :app:preDebugBuild UP-TO-DATE
> Task :app:processDebugNavigationResources
> Task :app:checkDebugAarMetadata
> Task :app:generateDebugResValues
> Task :app:compileDebugNavigationResources
> Task :app:processDebugGoogleServices
> Task :app:mapDebugSourceSetPaths
> Task :app:generateDebugResources
> Task :app:packageDebugResources
> Task :app:createDebugCompatibleScreenManifests
> Task :app:extractDeepLinksDebug
> Task :app:parseDebugLocalResources
> Task :app:processDebugMainManifest
> Task :app:processDebugManifest
> Task :app:processDebugManifestForPackage
> Task :app:mergeDebugResources
> Task :app:processDebugResources

> Task :app:compileDebugKotlin FAILED
.\gradlew.bat : e: fi
le:///C:/Users/aslam/
OneDrive/Documents/Gi
tHub/blassa/Mobile/ap
p/src/main/java/isimm
/ing1/mobile/presenta
tion/screens/componen
ts/CheckoutScreen.kt:
12:46 Unresolved 
reference 
'CreditCard'.
Au caractère Ligne:1 
: 1
+ .\gradlew.bat 
clean 
compileDebugKotlin 
2>&1 | Out-File 
-FilePath "cle ...
+ ~~~~~~~~~~~~~~~~~~~
~~~~~~~~~~~~~~~~~~~~~
~~~
    + CategoryInfo   
           : NotSpe  
  cified: (e: file   
 :///C:/U...e 'Cr    
editCard'.:Strin    
g) [], RemoteExc    
eption
    + FullyQualified 
   ErrorId : Native  
  CommandError
 
e: file:///C:/Users/a
slam/OneDrive/Documen
ts/GitHub/blassa/Mobi
le/app/src/main/java/
isimm/ing1/mobile/pre
sentation/screens/com
ponents/ReviewScreen.
kt:210:31 
@Composable 
invocations can only 
happen from the 
context of a 
@Composable function
e: file:///C:/Users/a
slam/OneDrive/Documen
ts/GitHub/blassa/Mobi
le/app/src/main/java/
isimm/ing1/mobile/pre
sentation/screens/com
ponents/ReviewScreen.
kt:216:30 Argument 
type mismatch: 
actual type is 'andro
idx.compose.material3
.ChipBorder', but 'an
droidx.compose.founda
tion.BorderStroke?' 
was expected.

FAILURE: Build 
failed with an 
exception.

* What went wrong:
Execution failed for 
task ':app:compileDeb
ugKotlin'.
> A failure occurred 
while executing org.j
etbrains.kotlin.compi
lerRunner.GradleCompi
lerRunnerWithWorkers$
GradleKotlinCompilerW
orkAction
   > Compilation 
error. See log for 
more details

* Try:
> Run with 
--stacktrace option 
to get the stack 
trace.
> Run with --info or 
--debug option to 
get more log output.
> Run with --scan to 
get full insights.
> Get more help at ht
tps://help.gradle.org
.

BUILD FAILED in 6s
18 actionable tasks: 18 executed
