> Task :app:checkKotlinGradlePluginConfigurationErrors SKIPPED
> Task :app:preBuild UP-TO-DATE
> Task :app:preDebugBuild UP-TO-DATE
> Task :app:checkDebugAarMetadata UP-TO-DATE
> Task :app:processDebugNavigationResources UP-TO-DATE
> Task :app:compileDebugNavigationResources UP-TO-DATE
> Task :app:generateDebugResValues UP-TO-DATE
> Task :app:processDebugGoogleServices UP-TO-DATE
> Task :app:mapDebugSourceSetPaths UP-TO-DATE
> Task :app:generateDebugResources UP-TO-DATE
> Task :app:mergeDebugResources UP-TO-DATE
> Task :app:packageDebugResources UP-TO-DATE
> Task :app:parseDebugLocalResources UP-TO-DATE
> Task :app:createDebugCompatibleScreenManifests UP-TO-DATE
> Task :app:extractDeepLinksDebug UP-TO-DATE
> Task :app:processDebugMainManifest UP-TO-DATE
> Task :app:processDebugManifest UP-TO-DATE
> Task :app:processDebugManifestForPackage UP-TO-DATE
> Task :app:processDebugResources UP-TO-DATE

> Task :app:compileDebugKotlin FAILED
.\gradlew.bat : e: fi
le:///C:/Users/aslam/
OneDrive/Documents/Gi
tHub/blassa/Mobile/ap
p/src/main/java/isimm
/ing1/mobile/presenta
tion/screens/login/Lo
ginActivity.kt:25:25 
No parameter with 
name 'onLoginClick' 
found.
Au caractère Ligne:1 
: 1
+ .\gradlew.bat 
compileDebugKotlin 
2>&1 | Out-File 
"nav_build2.txt" -En 
...
+ ~~~~~~~~~~~~~~~~~~~
~~~~~~~~~~~~~~~~~~
    + CategoryInfo   
           : NotSpe  
  cified: (e: file   
 :///C:/U...inCli    
ck' found.:Strin    
g) [], RemoteExc    
eption
    + FullyQualified 
   ErrorId : Native  
  CommandError
 
e: file:///C:/Users/a
slam/OneDrive/Documen
ts/GitHub/blassa/Mobi
le/app/src/main/java/
isimm/ing1/mobile/pre
sentation/screens/log
in/LoginActivity.kt:2
5:42 Cannot infer 
type for this 
parameter. Please 
specify it 
explicitly.
e: file:///C:/Users/a
slam/OneDrive/Documen
ts/GitHub/blassa/Mobi
le/app/src/main/java/
isimm/ing1/mobile/pre
sentation/screens/log
in/LoginActivity.kt:2
5:49 Cannot infer 
type for this 
parameter. Please 
specify it 
explicitly.
e: file:///C:/Users/a
slam/OneDrive/Documen
ts/GitHub/blassa/Mobi
le/app/src/main/java/
isimm/ing1/mobile/pre
sentation/screens/pas
sword/ForgotPasswordA
ctivity.kt:21:25 No 
parameter with name 
'onSendLinkClick' 
found.
e: file:///C:/Users/a
slam/OneDrive/Documen
ts/GitHub/blassa/Mobi
le/app/src/main/java/
isimm/ing1/mobile/pre
sentation/screens/pas
sword/ForgotPasswordA
ctivity.kt:21:45 
Cannot infer type 
for this parameter. 
Please specify it 
explicitly.
e: file:///C:/Users/a
slam/OneDrive/Documen
ts/GitHub/blassa/Mobi
le/app/src/main/java/
isimm/ing1/mobile/pre
sentation/screens/pas
sword/ResetPasswordAc
tivity.kt:21:25 No 
parameter with name 
'onResetClick' found.
e: file:///C:/Users/a
slam/OneDrive/Documen
ts/GitHub/blassa/Mobi
le/app/src/main/java/
isimm/ing1/mobile/pre
sentation/screens/pas
sword/ResetPasswordAc
tivity.kt:21:42 
Cannot infer type 
for this parameter. 
Please specify it 
explicitly.
e: file:///C:/Users/a
slam/OneDrive/Documen
ts/GitHub/blassa/Mobi
le/app/src/main/java/
isimm/ing1/mobile/pre
sentation/screens/sig
nup/SignUpActivity.kt
:21:25 No parameter 
with name 
'onSignUpClick' 
found.
e: file:///C:/Users/a
slam/OneDrive/Documen
ts/GitHub/blassa/Mobi
le/app/src/main/java/
isimm/ing1/mobile/pre
sentation/screens/sig
nup/SignUpActivity.kt
:21:43 Cannot infer 
type for this 
parameter. Please 
specify it 
explicitly.
e: file:///C:/Users/a
slam/OneDrive/Documen
ts/GitHub/blassa/Mobi
le/app/src/main/java/
isimm/ing1/mobile/pre
sentation/screens/sig
nup/SignUpActivity.kt
:21:54 Cannot infer 
type for this 
parameter. Please 
specify it 
explicitly.
e: file:///C:/Users/a
slam/OneDrive/Documen
ts/GitHub/blassa/Mobi
le/app/src/main/java/
isimm/ing1/mobile/pre
sentation/screens/sig
nup/SignUpActivity.kt
:21:64 Cannot infer 
type for this 
parameter. Please 
specify it 
explicitly.
e: file:///C:/Users/a
slam/OneDrive/Documen
ts/GitHub/blassa/Mobi
le/app/src/main/java/
isimm/ing1/mobile/pre
sentation/screens/sig
nup/SignUpActivity.kt
:21:71 Cannot infer 
type for this 
parameter. Please 
specify it 
explicitly.
e: file:///C:/Users/a
slam/OneDrive/Documen
ts/GitHub/blassa/Mobi
le/app/src/main/java/
isimm/ing1/mobile/pre
sentation/screens/sig
nup/SignUpActivity.kt
:21:78 Cannot infer 
type for this 
parameter. Please 
specify it 
explicitly.
e: file:///C:/Users/a
slam/OneDrive/Documen
ts/GitHub/blassa/Mobi
le/app/src/main/java/
isimm/ing1/mobile/pre
sentation/screens/sig
nup/SignUpActivity.kt
:21:88 Cannot infer 
type for this 
parameter. Please 
specify it 
explicitly.
e: file:///C:/Users/a
slam/OneDrive/Documen
ts/GitHub/blassa/Mobi
le/app/src/main/java/
isimm/ing1/mobile/pre
sentation/screens/sig
nup/SignUpActivity.kt
:21:96 Cannot infer 
type for this 
parameter. Please 
specify it 
explicitly.
e: file:///C:/Users/a
slam/OneDrive/Documen
ts/GitHub/blassa/Mobi
le/app/src/main/java/
isimm/ing1/mobile/pre
sentation/screens/ver
ification/EmailVerifi
cationActivity.kt:23:
25 No parameter with 
name 'onResendClick' 
found.

FAILURE: Build 
failed with an 
exception.

* What went wrong:
Execution failed for 
task ':app:compileDeb
ugKotlin'.
> A failure occurred 
while executing org.j
etbrains.kotlin.compi
lerRunner.GradleCompi
lerRunnerWithWorkers$
GradleKotlinCompilerW
orkAction
   > Compilation 
error. See log for 
more details

* Try:
> Run with 
--stacktrace option 
to get the stack 
trace.
> Run with --info or 
--debug option to 
get more log output.
> Run with --scan to 
get full insights.
> Get more help at ht
tps://help.gradle.org
.

BUILD FAILED in 4s
17 actionable tasks: 1 executed, 16 up-to-date
