.\gradlew : WARNING: A restricted 
method in java.lang.System has been 
called
At line:1 char:1
+ .\gradlew compileDebugKotlin --info 
2>&1 | Out-File -FilePath build_e ...
+ 
~~~~~~~~~~~~~~~~~~~~~~~~~~~~~~~~~~~~~~~~
    + CategoryInfo          : NotSpecif 
   ied: (WARNING: A rest...has been ca  
  lled:String) [], RemoteException
    + FullyQualifiedErrorId : NativeCom 
   mandError
 
WARNING: java.lang.System::load has 
been called by net.rubygrapefruit.platfo
rm.internal.NativeLibraryLoader in an 
unnamed module (file:/C:/Users/rayen/.gr
adle/wrapper/dists/gradle-8.13-bin/5xuhj
0ry160q40clulazy9h7d/gradle-8.13/lib/nat
ive-platform-0.22-milestone-28.jar)
WARNING: Use 
--enable-native-access=ALL-UNNAMED to 
avoid a warning for callers in this 
module
WARNING: Restricted methods will be 
blocked in a future release unless 
native access is enabled

Initialized native services in: C:\Users\rayen\.gradle\native
Initialized jansi services in: C:\Users\rayen\.gradle\native
The client will now receive all logging from the daemon (pid: 35872). The daemon log file: C:\Users\rayen\.gradle\daemon\8.13\daemon-35872.out.log
Starting 17th build in daemon [uptime: 27 mins 35.636 secs, performance: 99%, GC rate: 0.00/s, heap usage: 0% of 2 GiB]
Using 16 worker leases.
Now considering [C:\Users\rayen\Documents\Github\blassaa\android] as hierarchies to watch
Watching the file system is configured to be enabled if available
File system watching is active
Starting Build
Settings evaluated using settings file 'C:\Users\rayen\Documents\Github\blassaa\android\settings.gradle.kts'.
Projects loaded. Root project using build file 'C:\Users\rayen\Documents\Github\blassaa\android\build.gradle.kts'.
Included projects: [root project 'Blassa', project ':app']

> Configure project :
Evaluating root project 'Blassa' using build file 'C:\Users\rayen\Documents\Github\blassaa\android\build.gradle.kts'.
Resolved plugin [id: 'com.android.application', version: '8.12.3', apply: false]
Resolved plugin [id: 'org.jetbrains.kotlin.android', version: '2.0.21', apply: false]
Resolved plugin [id: 'org.jetbrains.kotlin.plugin.compose', version: '2.0.21', apply: false]

> Configure project :app
Evaluating project ':app' using build file 'C:\Users\rayen\Documents\Github\blassaa\android\app\build.gradle.kts'.
Resolved plugin [id: 'com.android.application', version: '8.12.3']
Resolved plugin [id: 'org.jetbrains.kotlin.android', version: '2.0.21']
Resolved plugin [id: 'org.jetbrains.kotlin.plugin.compose', version: '2.0.21']
Using default execution profile
Using Kotlin Gradle Plugin gradle85 variant
Detected Android Gradle Plugin compose compiler configuration
Detected Android Gradle Plugin compose compiler configuration
Detected Android Gradle Plugin compose compiler configuration
Detected Android Gradle Plugin compose compiler configuration
Detected Android Gradle Plugin compose compiler configuration
All projects evaluated.
Adding -Xuse-inline-scopes-numbers Kotlin compiler flag for task :app:compileDebugKotlin
Task name matched 'compileDebugKotlin'
Selected primary task 'compileDebugKotlin' from project :
Tasks to be executed: [task ':app:checkKotlinGradlePluginConfigurationErrors', task ':app:preBuild', task ':app:preDebugBuild', task ':app:generateDebugBuildConfig', task ':app:checkDebugAarMetadata', task ':app:generateDebugResValues', task ':app:mapDebugSourceSetPaths', task ':app:generateDebugResources', task ':app:mergeDebugResources', task ':app:packageDebugResources', task ':app:parseDebugLocalResources', task ':app:createDebugCompatibleScreenManifests', task ':app:extractDeepLinksDebug', task ':app:processDebugMainManifest', task ':app:processDebugManifest', task ':app:processDebugManifestForPackage', task ':app:processDebugResources', task ':app:compileDebugKotlin']
Tasks that were excluded: []
Resolve mutations for :app:checkKotlinGradlePluginConfigurationErrors (Thread[#1109,Execution worker,5,main]) started.
:app:checkKotlinGradlePluginConfigurationErrors (Thread[#1109,Execution worker,5,main]) started.

> Task :app:checkKotlinGradlePluginConfigurationErrors SKIPPED
Skipping task ':app:checkKotlinGradlePluginConfigurationErrors' as task onlyIf 'errorDiagnostics are present' is false.
Resolve mutations for :app:preBuild (Thread[#1109,Execution worker,5,main]) started.
:app:preBuild (Thread[#1109,Execution worker,5,main]) started.

> Task :app:preBuild UP-TO-DATE
Skipping task ':app:preBuild' as it has no actions.
Resolve mutations for :app:preDebugBuild (Thread[#1109,Execution worker,5,main]) started.
:app:preDebugBuild (Thread[#1111,Execution worker Thread 3,5,main]) started.

> Task :app:preDebugBuild UP-TO-DATE
Skipping task ':app:preDebugBuild' as it has no actions.
Resolve mutations for :app:generateDebugBuildConfig (Thread[#1111,Execution worker Thread 3,5,main]) started.
:app:generateDebugBuildConfig (Thread[#1111,Execution worker Thread 3,5,main]) started.

> Task :app:generateDebugBuildConfig UP-TO-DATE
Caching disabled for task ':app:generateDebugBuildConfig' because:
  Build cache is disabled
Skipping task ':app:generateDebugBuildConfig' as it is up-to-date.
Resolve mutations for :app:checkDebugAarMetadata (Thread[#1111,Execution worker Thread 3,5,main]) started.
:app:checkDebugAarMetadata (Thread[#1111,Execution worker Thread 3,5,main]) started.

> Task :app:checkDebugAarMetadata UP-TO-DATE
Caching disabled for task ':app:checkDebugAarMetadata' because:
  Build cache is disabled
  Caching has been disabled for the task
Skipping task ':app:checkDebugAarMetadata' as it is up-to-date.
Resolve mutations for :app:generateDebugResValues (Thread[#1111,Execution worker Thread 3,5,main]) started.
:app:generateDebugResValues (Thread[#1111,Execution worker Thread 3,5,main]) started.

> Task :app:generateDebugResValues UP-TO-DATE
Caching disabled for task ':app:generateDebugResValues' because:
  Build cache is disabled
Skipping task ':app:generateDebugResValues' as it is up-to-date.
Resolve mutations for :app:mapDebugSourceSetPaths (Thread[#1111,Execution worker Thread 3,5,main]) started.
:app:mapDebugSourceSetPaths (Thread[#1111,Execution worker Thread 3,5,main]) started.

> Task :app:mapDebugSourceSetPaths UP-TO-DATE
Caching disabled for task ':app:mapDebugSourceSetPaths' because:
  Build cache is disabled
  Caching has been disabled for the task
Skipping task ':app:mapDebugSourceSetPaths' as it is up-to-date.
Resolve mutations for :app:generateDebugResources (Thread[#1111,Execution worker Thread 3,5,main]) started.
:app:generateDebugResources (Thread[#1111,Execution worker Thread 3,5,main]) started.

> Task :app:generateDebugResources UP-TO-DATE
Caching disabled for task ':app:generateDebugResources' because:
  Build cache is disabled
Skipping task ':app:generateDebugResources' as it is up-to-date.
Resolve mutations for :app:mergeDebugResources (Thread[#1111,Execution worker Thread 3,5,main]) started.
:app:mergeDebugResources (Thread[#1111,Execution worker Thread 3,5,main]) started.

> Task :app:mergeDebugResources UP-TO-DATE
Caching disabled for task ':app:mergeDebugResources' because:
  Build cache is disabled
Skipping task ':app:mergeDebugResources' as it is up-to-date.
Resolve mutations for :app:packageDebugResources (Thread[#1111,Execution worker Thread 3,5,main]) started.
:app:packageDebugResources (Thread[#1111,Execution worker Thread 3,5,main]) started.

> Task :app:packageDebugResources UP-TO-DATE
Caching disabled for task ':app:packageDebugResources' because:
  Build cache is disabled
Skipping task ':app:packageDebugResources' as it is up-to-date.
Resolve mutations for :app:parseDebugLocalResources (Thread[#1111,Execution worker Thread 3,5,main]) started.
:app:parseDebugLocalResources (Thread[#1108,included builds,5,main]) started.

> Task :app:parseDebugLocalResources UP-TO-DATE
Caching disabled for task ':app:parseDebugLocalResources' because:
  Build cache is disabled
Skipping task ':app:parseDebugLocalResources' as it is up-to-date.
Resolve mutations for :app:createDebugCompatibleScreenManifests (Thread[#1108,included builds,5,main]) started.
:app:createDebugCompatibleScreenManifests (Thread[#1108,included builds,5,main]) started.

> Task :app:createDebugCompatibleScreenManifests UP-TO-DATE
Caching disabled for task ':app:createDebugCompatibleScreenManifests' because:
  Build cache is disabled
  Caching has been disabled for the task
Skipping task ':app:createDebugCompatibleScreenManifests' as it is up-to-date.
Resolve mutations for :app:extractDeepLinksDebug (Thread[#1108,included builds,5,main]) started.
:app:extractDeepLinksDebug (Thread[#1108,included builds,5,main]) started.

> Task :app:extractDeepLinksDebug UP-TO-DATE
Caching disabled for task ':app:extractDeepLinksDebug' because:
  Build cache is disabled
Skipping task ':app:extractDeepLinksDebug' as it is up-to-date.
Resolve mutations for :app:processDebugMainManifest (Thread[#1108,included builds,5,main]) started.
:app:processDebugMainManifest (Thread[#1108,included builds,5,main]) started.

> Task :app:processDebugMainManifest UP-TO-DATE
Caching disabled for task ':app:processDebugMainManifest' because:
  Build cache is disabled
Skipping task ':app:processDebugMainManifest' as it is up-to-date.
Resolve mutations for :app:processDebugManifest (Thread[#1108,included builds,5,main]) started.
:app:processDebugManifest (Thread[#1108,included builds,5,main]) started.

> Task :app:processDebugManifest UP-TO-DATE
Caching disabled for task ':app:processDebugManifest' because:
  Build cache is disabled
Skipping task ':app:processDebugManifest' as it is up-to-date.
Resolve mutations for :app:processDebugManifestForPackage (Thread[#1108,included builds,5,main]) started.
:app:processDebugManifestForPackage (Thread[#1108,included builds,5,main]) started.

> Task :app:processDebugManifestForPackage UP-TO-DATE
Custom actions are attached to task ':app:processDebugManifestForPackage'.
Caching disabled for task ':app:processDebugManifestForPackage' because:
  Build cache is disabled
Skipping task ':app:processDebugManifestForPackage' as it is up-to-date.
Resolve mutations for :app:processDebugResources (Thread[#1108,included builds,5,main]) started.
:app:processDebugResources (Thread[#1108,included builds,5,main]) started.

> Task :app:processDebugResources UP-TO-DATE
Caching disabled for task ':app:processDebugResources' because:
  Build cache is disabled
Skipping task ':app:processDebugResources' as it is up-to-date.
Resolve mutations for :app:compileDebugKotlin (Thread[#1108,included builds,5,main]) started.
:app:compileDebugKotlin (Thread[#1108,included builds,5,main]) started.

> Task :app:compileDebugKotlin
Adding -Xuse-inline-scopes-numbers Kotlin compiler flag for task :app:compileDebugAndroidTestKotlin
Caching disabled for task ':app:compileDebugKotlin' because:
  Build cache is disabled
Task ':app:compileDebugKotlin' is not up-to-date because:
  Task has failed previously.
The input changes require a full rebuild for incremental task ':app:compileDebugKotlin'.
file or directory 'C:\Users\rayen\Documents\Github\blassaa\android\app\src\debug\kotlin', not found
file or directory 'C:\Users\rayen\Documents\Github\blassaa\android\app\src\debug\java', not found
file or directory 'C:\Users\rayen\Documents\Github\blassaa\android\app\src\debug\kotlin', not found
file or directory 'C:\Users\rayen\Documents\Github\blassaa\android\app\src\debug\java', not found
file or directory 'C:\Users\rayen\Documents\Github\blassaa\android\app\src\debug\kotlin', not found
file or directory 'C:\Users\rayen\Documents\Github\blassaa\android\app\src\debug\java', not found
file or directory 'C:\Users\rayen\Documents\Github\blassaa\android\app\src\main\kotlin', not found
file or directory 'C:\Users\rayen\Documents\Github\blassaa\android\app\src\main\kotlin', not found
file or directory 'C:\Users\rayen\Documents\Github\blassaa\android\app\src\main\kotlin', not found
file or directory 'C:\Users\rayen\Documents\Github\blassaa\android\app\src\debug\java', not found
file or directory 'C:\Users\rayen\Documents\Github\blassaa\android\app\src\debug\kotlin', not found
file or directory 'C:\Users\rayen\Documents\Github\blassaa\android\app\src\debug\java', not found
file or directory 'C:\Users\rayen\Documents\Github\blassaa\android\app\src\debug\kotlin', not found
file or directory 'C:\Users\rayen\Documents\Github\blassaa\android\app\src\debug\java', not found
file or directory 'C:\Users\rayen\Documents\Github\blassaa\android\app\src\debug\kotlin', not found
file or directory 'C:\Users\rayen\Documents\Github\blassaa\android\app\src\debug\java', not found
file or directory 'C:\Users\rayen\Documents\Github\blassaa\android\app\src\main\kotlin', not found
file or directory 'C:\Users\rayen\Documents\Github\blassaa\android\app\src\debug\kotlin', not found
file or directory 'C:\Users\rayen\Documents\Github\blassaa\android\app\src\debug\java', not found
file or directory 'C:\Users\rayen\Documents\Github\blassaa\android\app\src\debug\kotlin', not found
file or directory 'C:\Users\rayen\Documents\Github\blassaa\android\app\src\debug\java', not found
file or directory 'C:\Users\rayen\Documents\Github\blassaa\android\app\src\debug\kotlin', not found
file or directory 'C:\Users\rayen\Documents\Github\blassaa\android\app\src\debug\java', not found
file or directory 'C:\Users\rayen\Documents\Github\blassaa\android\app\src\main\kotlin', not found
file or directory 'C:\Users\rayen\Documents\Github\blassaa\android\app\src\main\kotlin', not found
file or directory 'C:\Users\rayen\Documents\Github\blassaa\android\app\src\main\kotlin', not found
file or directory 'C:\Users\rayen\Documents\Github\blassaa\android\app\src\debug\java', not found
file or directory 'C:\Users\rayen\Documents\Github\blassaa\android\app\src\debug\kotlin', not found
file or directory 'C:\Users\rayen\Documents\Github\blassaa\android\app\src\debug\java', not found
file or directory 'C:\Users\rayen\Documents\Github\blassaa\android\app\src\debug\kotlin', not found
file or directory 'C:\Users\rayen\Documents\Github\blassaa\android\app\src\debug\java', not found
file or directory 'C:\Users\rayen\Documents\Github\blassaa\android\app\src\debug\kotlin', not found
file or directory 'C:\Users\rayen\Documents\Github\blassaa\android\app\src\debug\java', not found
file or directory 'C:\Users\rayen\Documents\Github\blassaa\android\app\src\main\kotlin', not found
file or directory 'C:\Users\rayen\Documents\Github\blassaa\android\app\src\main\kotlin', not found
file or directory 'C:\Users\rayen\Documents\Github\blassaa\android\app\src\main\kotlin', not found
file or directory 'C:\Users\rayen\Documents\Github\blassaa\android\app\src\debug\java', not found
file or directory 'C:\Users\rayen\Documents\Github\blassaa\android\app\src\debug\kotlin', not found
file or directory 'C:\Users\rayen\Documents\Github\blassaa\android\app\src\debug\java', not found
file or directory 'C:\Users\rayen\Documents\Github\blassaa\android\app\src\debug\kotlin', not found
file or directory 'C:\Users\rayen\Documents\Github\blassaa\android\app\src\debug\java', not found
file or directory 'C:\Users\rayen\Documents\Github\blassaa\android\app\src\debug\kotlin', not found
file or directory 'C:\Users\rayen\Documents\Github\blassaa\android\app\src\debug\java', not found
file or directory 'C:\Users\rayen\Documents\Github\blassaa\android\app\src\main\kotlin', not found
file or directory 'C:\Users\rayen\Documents\Github\blassaa\android\app\src\main\kotlin', not found
file or directory 'C:\Users\rayen\Documents\Github\blassaa\android\app\src\main\kotlin', not found
file or directory 'C:\Users\rayen\Documents\Github\blassaa\android\app\src\debug\java', not found
Kotlin source files: C:\Users\rayen\Documents\Github\blassaa\android\app\src\main\java\com\tp\blassa\core\auth\TokenManager.kt, C:\Users\rayen\Documents\Github\blassaa\android\app\src\main\java\com\tp\blassa\core\network\AuthApiService.kt, C:\Users\rayen\Documents\Github\blassaa\android\app\src\main\java\com\tp\blassa\core\network\DashboardApiService.kt, C:\Users\rayen\Documents\Github\blassaa\android\app\src\main\java\com\tp\blassa\core\network\RetrofitClient.kt, C:\Users\rayen\Documents\Github\blassaa\android\app\src\main\java\com\tp\blassa\core\network\WebSocketManager.kt, C:\Users\rayen\Documents\Github\blassaa\android\app\src\main\java\com\tp\blassa\core\notification\NotificationHelper.kt, C:\Users\rayen\Documents\Github\blassaa\android\app\src\main\java\com\tp\blassa\data\TunisiaCities.kt, C:\Users\rayen\Documents\Github\blassaa\android\app\src\main\java\com\tp\blassa\features\auth\CompleteProfileScreen.kt, C:\Users\rayen\Documents\Github\blassaa\android\app\src\main\java\com\tp\blassa\features\auth\components\AuthBackground.kt, C:\Users\rayen\Documents\Github\blassaa\android\app\src\main\java\com\tp\blassa\features\auth\components\AuthErrorBanner.kt, C:\Users\rayen\Documents\Github\blassaa\android\app\src\main\java\com\tp\blassa\features\auth\components\AuthTextField.kt, C:\Users\rayen\Documents\Github\blassaa\android\app\src\main\java\com\tp\blassa\features\auth\components\SocialLoginButton.kt, C:\Users\rayen\Documents\Github\blassaa\android\app\src\main\java\com\tp\blassa\features\auth\EmailVerificationScreen.kt, C:\Users\rayen\Documents\Github\blassaa\android\app\src\main\java\com\tp\blassa\features\auth\ForgotPasswordScreen.kt, C:\Users\rayen\Documents\Github\blassaa\android\app\src\main\java\com\tp\blassa\features\auth\LoginScreen.kt, C:\Users\rayen\Documents\Github\blassaa\android\app\src\main\java\com\tp\blassa\features\auth\RegisterScreen.kt, C:\Users\rayen\Documents\Github\blassaa\android\app\src\main\java\com\tp\blassa\features\auth\viewmodel\CompleteProfileViewModel.kt, C:\Users\rayen\Documents\Github\blassaa\android\app\src\main\java\com\tp\blassa\features\auth\viewmodel\LoginViewModel.kt, C:\Users\rayen\Documents\Github\blassaa\android\app\src\main\java\com\tp\blassa\features\dashboard\components\EmptyRidesCard.kt, C:\Users\rayen\Documents\Github\blassaa\android\app\src\main\java\com\tp\blassa\features\dashboard\components\FilterChipRow.kt, C:\Users\rayen\Documents\Github\blassaa\android\app\src\main\java\com\tp\blassa\features\dashboard\components\RideCard.kt, C:\Users\rayen\Documents\Github\blassaa\android\app\src\main\java\com\tp\blassa\features\dashboard\components\StatsGrid.kt, C:\Users\rayen\Documents\Github\blassaa\android\app\src\main\java\com\tp\blassa\features\dashboard\DashboardScreen.kt, C:\Users\rayen\Documents\Github\blassaa\android\app\src\main\java\com\tp\blassa\features\dashboard\viewmodel\DashboardViewModel.kt, C:\Users\rayen\Documents\Github\blassaa\android\app\src\main\java\com\tp\blassa\features\history\RideHistoryScreen.kt, C:\Users\rayen\Documents\Github\blassaa\android\app\src\main\java\com\tp\blassa\features\history\viewmodel\RideHistoryViewModel.kt, C:\Users\rayen\Documents\Github\blassaa\android\app\src\main\java\com\tp\blassa\features\notifications\NotificationsScreen.kt, C:\Users\rayen\Documents\Github\blassaa\android\app\src\main\java\com\tp\blassa\features\notifications\viewmodel\NotificationsViewModel.kt, C:\Users\rayen\Documents\Github\blassaa\android\app\src\main\java\com\tp\blassa\features\onboarding\OnboardingScreen.kt, C:\Users\rayen\Documents\Github\blassaa\android\app\src\main\java\com\tp\blassa\features\profile\ChangePasswordScreen.kt, C:\Users\rayen\Documents\Github\blassaa\android\app\src\main\java\com\tp\blassa\features\profile\DriverProfileScreen.kt, C:\Users\rayen\Documents\Github\blassaa\android\app\src\main\java\com\tp\blassa\features\profile\EditProfileScreen.kt, C:\Users\rayen\Documents\Github\blassaa\android\app\src\main\java\com\tp\blassa\features\profile\ProfileMenuScreen.kt, C:\Users\rayen\Documents\Github\blassaa\android\app\src\main\java\com\tp\blassa\features\profile\ReviewsScreen.kt, C:\Users\rayen\Documents\Github\blassaa\android\app\src\main\java\com\tp\blassa\features\profile\viewmodel\ChangePasswordViewModel.kt, C:\Users\rayen\Documents\Github\blassaa\android\app\src\main\java\com\tp\blassa\features\profile\viewmodel\EditProfileViewModel.kt, C:\Users\rayen\Documents\Github\blassaa\android\app\src\main\java\com\tp\blassa\features\profile\viewmodel\ProfileMenuViewModel.kt, C:\Users\rayen\Documents\Github\blassaa\android\app\src\main\java\com\tp\blassa\features\profile\viewmodel\ReviewsViewModel.kt, C:\Users\rayen\Documents\Github\blassaa\android\app\src\main\java\com\tp\blassa\features\rides\components\ActiveDriverView.kt, C:\Users\rayen\Documents\Github\blassaa\android\app\src\main\java\com\tp\blassa\features\rides\components\ActivePassengerView.kt, C:\Users\rayen\Documents\Github\blassaa\android\app\src\main\java\com\tp\blassa\features\rides\components\BookingActions.kt, C:\Users\rayen\Documents\Github\blassaa\android\app\src\main\java\com\tp\blassa\features\rides\components\CityPickerBottomSheet.kt, C:\Users\rayen\Documents\Github\blassaa\android\app\src\main\java\com\tp\blassa\features\rides\components\CitySelector.kt, C:\Users\rayen\Documents\Github\blassaa\android\app\src\main\java\com\tp\blassa\features\rides\components\CompletedDriverView.kt, C:\Users\rayen\Documents\Github\blassaa\android\app\src\main\java\com\tp\blassa\features\rides\components\CompletedPassengerView.kt, C:\Users\rayen\Documents\Github\blassaa\android\app\src\main\java\com\tp\blassa\features\rides\components\DriverContactCard.kt, C:\Users\rayen\Documents\Github\blassaa\android\app\src\main\java\com\tp\blassa\features\rides\components\DriverOwnRideView.kt, C:\Users\rayen\Documents\Github\blassaa\android\app\src\main\java\com\tp\blassa\features\rides\components\GenderPreferenceSelector.kt, C:\Users\rayen\Documents\Github\blassaa\android\app\src\main\java\com\tp\blassa\features\rides\components\PassengerList.kt, C:\Users\rayen\Documents\Github\blassaa\android\app\src\main\java\com\tp\blassa\features\rides\components\RideDetailsComponents.kt, C:\Users\rayen\Documents\Github\blassaa\android\app\src\main\java\com\tp\blassa\features\rides\components\SeatsCounter.kt, C:\Users\rayen\Documents\Github\blassaa\android\app\src\main\java\com\tp\blassa\features\rides\components\SectionCard.kt, C:\Users\rayen\Documents\Github\blassaa\android\app\src\main\java\com\tp\blassa\features\rides\components\SuccessScreen.kt, C:\Users\rayen\Documents\Github\blassaa\android\app\src\main\java\com\tp\blassa\features\rides\PublishRideScreen.kt, C:\Users\rayen\Documents\Github\blassaa\android\app\src\main\java\com\tp\blassa\features\rides\RideDetailsScreen.kt, C:\Users\rayen\Documents\Github\blassaa\android\app\src\main\java\com\tp\blassa\features\rides\viewmodel\PublishRideViewModel.kt, C:\Users\rayen\Documents\Github\blassaa\android\app\src\main\java\com\tp\blassa\features\rides\viewmodel\RideDetailsViewModel.kt, C:\Users\rayen\Documents\Github\blassaa\android\app\src\main\java\com\tp\blassa\features\search\model\SearchModels.kt, C:\Users\rayen\Documents\Github\blassaa\android\app\src\main\java\com\tp\blassa\features\search\SearchComponents.kt, C:\Users\rayen\Documents\Github\blassaa\android\app\src\main\java\com\tp\blassa\features\search\SearchFiltersSheet.kt, C:\Users\rayen\Documents\Github\blassaa\android\app\src\main\java\com\tp\blassa\features\search\SearchResultsScreen.kt, C:\Users\rayen\Documents\Github\blassaa\android\app\src\main\java\com\tp\blassa\features\search\SearchRideScreen.kt, C:\Users\rayen\Documents\Github\blassaa\android\app\src\main\java\com\tp\blassa\features\search\viewmodel\SearchResultsViewModel.kt, C:\Users\rayen\Documents\Github\blassaa\android\app\src\main\java\com\tp\blassa\features\splash\SplashScreen.kt, C:\Users\rayen\Documents\Github\blassaa\android\app\src\main\java\com\tp\blassa\features\splash\viewmodel\SplashViewModel.kt, C:\Users\rayen\Documents\Github\blassaa\android\app\src\main\java\com\tp\blassa\features\vehicles\AddVehicleScreen.kt, C:\Users\rayen\Documents\Github\blassaa\android\app\src\main\java\com\tp\blassa\features\vehicles\MyVehiclesScreen.kt, C:\Users\rayen\Documents\Github\blassaa\android\app\src\main\java\com\tp\blassa\features\vehicles\viewmodel\VehiclesViewModel.kt, C:\Users\rayen\Documents\Github\blassaa\android\app\src\main\java\com\tp\blassa\MainActivity.kt, C:\Users\rayen\Documents\Github\blassaa\android\app\src\main\java\com\tp\blassa\navigation\BlassaNavHost.kt, C:\Users\rayen\Documents\Github\blassaa\android\app\src\main\java\com\tp\blassa\navigation\Routes.kt, C:\Users\rayen\Documents\Github\blassaa\android\app\src\main\java\com\tp\blassa\ui\components\LoadingScreen.kt, C:\Users\rayen\Documents\Github\blassaa\android\app\src\main\java\com\tp\blassa\ui\components\RideCard.kt, C:\Users\rayen\Documents\Github\blassaa\android\app\src\main\java\com\tp\blassa\ui\theme\Color.kt, C:\Users\rayen\Documents\Github\blassaa\android\app\src\main\java\com\tp\blassa\ui\theme\Theme.kt, C:\Users\rayen\Documents\Github\blassaa\android\app\src\main\java\com\tp\blassa\ui\theme\Type.kt
Java source files: C:\Users\rayen\Documents\Github\blassaa\android\app\build\generated\source\buildConfig\debug\com\tp\blassa\BuildConfig.java
Script source files: 
Script file extensions: 
Using Kotlin/JVM incremental compilation
[KOTLIN] Kotlin compilation 'jdkHome' argument: null
Options for KOTLIN DAEMON: IncrementalCompilationOptions(super=CompilationOptions(compilerMode=INCREMENTAL_COMPILER, targetPlatform=JVM, reportCategories=[0, 3], reportSeverity=2, requestedCompilationResults=[0], kotlinScriptExtensions=[]), areFileChangesKnown=false, modifiedFiles=null, deletedFiles=null, classpathChanges=NotAvailableForNonIncrementalRun, workingDir=C:\Users\rayen\Documents\Github\blassaa\android\app\build\kotlin\compileDebugKotlin\cacheable, multiModuleICSettings=MultiModuleICSettings(buildHistoryFile=C:\Users\rayen\Documents\Github\blassaa\android\app\build\kotlin\compileDebugKotlin\local-state\build-history.bin, useModuleDetection=true), usePreciseJavaTracking=true, icFeatures=IncrementalCompilationFeatures(withAbiSnapshot=false, preciseCompilationResultsBackup=true, keepIncrementalCompilationCachesInMemory=true, enableUnsafeIncrementalCompilationForMultiplatform=false), outputFiles=[C:\Users\rayen\Documents\Github\blassaa\android\app\build\tmp\kotlin-classes\debug, C:\Users\rayen\Documents\Github\blassaa\android\app\build\kotlin\compileDebugKotlin\cacheable, C:\Users\rayen\Documents\Github\blassaa\android\app\build\kotlin\compileDebugKotlin\local-state])
e: file:///C:/Users/rayen/Documents/Gith
ub/blassaa/android/app/src/main/java/com
/tp/blassa/features/onboarding/Onboardin
gScreen.kt:98:49 Unresolved reference 
'OnboardingPageContentLandscape'.
e: file:///C:/Users/rayen/Documents/Gith
ub/blassaa/android/app/src/main/java/com
/tp/blassa/features/onboarding/Onboardin
gScreen.kt:160:49 @Composable 
invocations can only happen from the 
context of a @Composable function
e: file:///C:/Users/rayen/Documents/Gith
ub/blassaa/android/app/src/main/java/com
/tp/blassa/features/onboarding/Onboardin
gScreen.kt:166:80 @Composable 
invocations can only happen from the 
context of a @Composable function
e: file:///C:/Users/rayen/Documents/Gith
ub/blassaa/android/app/src/main/java/com
/tp/blassa/features/onboarding/Onboardin
gScreen.kt:180:43 Syntax error: 
Unexpected tokens (use ';' to separate 
expressions on the same line).
e: file:///C:/Users/rayen/Documents/Gith
ub/blassaa/android/app/src/main/java/com
/tp/blassa/features/onboarding/Onboardin
gScreen.kt:181:49 @Composable 
invocations can only happen from the 
context of a @Composable function
e: file:///C:/Users/rayen/Documents/Gith
ub/blassaa/android/app/src/main/java/com
/tp/blassa/features/onboarding/Onboardin
gScreen.kt:196:80 @Composable 
invocations can only happen from the 
context of a @Composable function
e: file:///C:/Users/rayen/Documents/Gith
ub/blassaa/android/app/src/main/java/com
/tp/blassa/features/onboarding/Onboardin
gScreen.kt:226:19 Syntax error: 
Unexpected tokens (use ';' to separate 
expressions on the same line).
e: file:///C:/Users/rayen/Documents/Gith
ub/blassaa/android/app/src/main/java/com
/tp/blassa/features/onboarding/Onboardin
gScreen.kt:228:25 @Composable 
invocations can only happen from the 
context of a @Composable function
e: file:///C:/Users/rayen/Documents/Gith
ub/blassaa/android/app/src/main/java/com
/tp/blassa/features/onboarding/Onboardin
gScreen.kt:230:33 Unresolved reference 
'OnboardingPageContentPortrait'.
e: file:///C:/Users/rayen/Documents/Gith
ub/blassaa/android/app/src/main/java/com
/tp/blassa/features/onboarding/Onboardin
gScreen.kt:234:25 @Composable 
invocations can only happen from the 
context of a @Composable function
e: file:///C:/Users/rayen/Documents/Gith
ub/blassaa/android/app/src/main/java/com
/tp/blassa/features/onboarding/Onboardin
gScreen.kt:272:41 @Composable 
invocations can only happen from the 
context of a @Composable function
e: file:///C:/Users/rayen/Documents/Gith
ub/blassaa/android/app/src/main/java/com
/tp/blassa/features/onboarding/Onboardin
gScreen.kt:279:72 @Composable 
invocations can only happen from the 
context of a @Composable function
e: file:///C:/Users/rayen/Documents/Gith
ub/blassaa/android/app/src/main/java/com
/tp/blassa/features/onboarding/Onboardin
gScreen.kt:290:35 Syntax error: 
Unexpected tokens (use ';' to separate 
expressions on the same line).
e: file:///C:/Users/rayen/Documents/Gith
ub/blassaa/android/app/src/main/java/com
/tp/blassa/features/onboarding/Onboardin
gScreen.kt:291:41 @Composable 
invocations can only happen from the 
context of a @Composable function
e: file:///C:/Users/rayen/Documents/Gith
ub/blassaa/android/app/src/main/java/com
/tp/blassa/features/onboarding/Onboardin
gScreen.kt:301:72 @Composable 
invocations can only happen from the 
context of a @Composable function
e: file:///C:/Users/rayen/Documents/Gith
ub/blassaa/android/app/src/main/java/com
/tp/blassa/features/onboarding/Onboardin
gScreen.kt:331:61 'fun 
Modifier.align(alignment: Alignment): 
Modifier' cannot be called in this 
context with an implicit receiver. Use 
an explicit receiver if necessary.
e: file:///C:/Users/rayen/Documents/Gith
ub/blassaa/android/app/src/main/java/com
/tp/blassa/features/onboarding/Onboardin
gScreen.kt:454:2 Syntax error: 
Expecting '}'.
e: file:///C:/Users/rayen/Documents/Gith
ub/blassaa/android/app/src/main/java/com
/tp/blassa/features/vehicles/AddVehicleS
creen.kt:98:13 Functions which invoke 
@Composable functions must be marked 
with the @Composable annotation
e: file:///C:/Users/rayen/Documents/Gith
ub/blassaa/android/app/src/main/java/com
/tp/blassa/features/vehicles/AddVehicleS
creen.kt:129:27 Syntax error: 
Unexpected tokens (use ';' to separate 
expressions on the same line).
e: file:///C:/Users/rayen/Documents/Gith
ub/blassaa/android/app/src/main/java/com
/tp/blassa/features/vehicles/AddVehicleS
creen.kt:187:17 Unresolved reference 
'SuccessScreen'.
e: file:///C:/Users/rayen/Documents/Gith
ub/blassaa/android/app/src/main/java/com
/tp/blassa/features/vehicles/AddVehicleS
creen.kt:188:17 Return type mismatch: 
expected 'kotlin.Boolean', actual 
'kotlin.Unit'.
e: file:///C:/Users/rayen/Documents/Gith
ub/blassaa/android/app/src/main/java/com
/tp/blassa/features/vehicles/AddVehicleS
creen.kt:191:9 @Composable invocations 
can only happen from the context of a 
@Composable function
e: file:///C:/Users/rayen/Documents/Gith
ub/blassaa/android/app/src/main/java/com
/tp/blassa/features/vehicles/AddVehicleS
creen.kt:708:1 Missing return statement.
e: file:///C:/Users/rayen/Documents/Gith
ub/blassaa/android/app/src/main/java/com
/tp/blassa/features/vehicles/AddVehicleS
creen.kt:711:1 Modifier 'private' is 
not applicable to 'local function'.
e: file:///C:/Users/rayen/Documents/Gith
ub/blassaa/android/app/src/main/java/com
/tp/blassa/features/vehicles/AddVehicleS
creen.kt:712:9 @Composable invocations 
can only happen from the context of a 
@Composable function
e: file:///C:/Users/rayen/Documents/Gith
ub/blassaa/android/app/src/main/java/com
/tp/blassa/features/vehicles/AddVehicleS
creen.kt:755:2 Syntax error: Expecting 
'}'.
Finished executing kotlin compiler using DAEMON strategy

> Task :app:compileDebugKotlin FAILED

FAILURE: Build failed with an exception.

* What went wrong:
Execution failed for task 
':app:compileDebugKotlin'.
> A failure occurred while executing org
.jetbrains.kotlin.compilerRunner.GradleC
ompilerRunnerWithWorkers$GradleKotlinCom
pilerWorkAction
   > Compilation error. See log for 
more details

* Try:
> Run with --stacktrace option to get 
the stack trace.
> Run with --debug option to get more 
log output.
> Run with --scan to get full insights.
> Get more help at 
https://help.gradle.org.

BUILD FAILED in 3s
15 actionable tasks: 1 executed, 14 up-to-date
Watched directory hierarchies: [C:\Users\rayen\Documents\Github\blassaa\android]
